<?xml version="1.0" encoding="UTF-8"?>
<!-- Generated by org.testng.reporters.JUnitReportReporter -->
<testsuite hostname="LAPTOP-74HSD0LE" failures="0" tests="1" name="APIII_Testng_Project_Resting_Assurance.APIII_Testng_Project_Resting_Assurance.C_002_POSTREQUEST" time="0.000" errors="0" timestamp="2021-08-29T00:21:17 IST" skipped="1">
  <testcase classname="APIII_Testng_Project_Resting_Assurance.APIII_Testng_Project_Resting_Assurance.C_002_POSTREQUEST" name="Postt_Requests" time="0.000">
    <skipped/>
  </testcase> <!-- Postt_Requests -->
  <system-out/>
</testsuite> <!-- APIII_Testng_Project_Resting_Assurance.APIII_Testng_Project_Resting_Assurance.C_002_POSTREQUEST -->
